#
# A fatal error has been detected by the Java Runtime Environment:
#
#  SIGSEGV (0xb) at pc=0x00000001128dd534, pid=92992, tid=39427
#
# JRE version: OpenJDK Runtime Environment (15.0.2+7) (build 15.0.2+7-27)
# Java VM: OpenJDK 64-Bit Server VM (15.0.2+7-27, mixed mode, tiered, compressed oops, g1 gc, bsd-amd64)
# Problematic frame:
# V  [libjvm.dylib+0x8dd534]  SignatureIterator::return_type()+0x24
#
# No core dump will be written. Core dumps have been disabled. To enable core dumping, try "ulimit -c unlimited" before starting Java again
#
# If you would like to submit a bug report, please visit:
#   https://bugreport.java.com/bugreport/crash.jsp
#

---------------  S U M M A R Y ------------

Command Line: -XX:+ShowCodeDetailsInExceptionMessages -agentlib:jdwp=transport=dt_socket,suspend=y,address=localhost:61331 -javaagent:/Users/yeliz/eclipse/java-2020-12/Eclipse.app/Contents/Eclipse/configuration/org.eclipse.osgi/213/0/.cp/lib/javaagent-shaded.jar -Dfile.encoding=UTF-8 Main

Host: MacBookAir7,2 x86_64 1600 MHz, 4 cores, 4G, Darwin 20.1.0
Time: Sun May  9 11:29:56 2021 MSK elapsed time: 833.176067 seconds (0d 0h 13m 53s)

---------------  T H R E A D  ---------------

Current thread (0x00007fceeb86ba00):  JavaThread "JDWP Transport Listener: dt_socket" daemon [_thread_in_vm, id=39427, stack(0x0000700005967000,0x0000700005a67000)] _threads_hazard_ptr=0x00007fceee704e20

Stack: [0x0000700005967000,0x0000700005a67000],  sp=0x0000700005a64db0,  free space=1015k
Native frames: (J=compiled Java code, A=aot compiled Java code, j=interpreted, Vv=VM code, C=native code)
V  [libjvm.dylib+0x8dd534]  SignatureIterator::return_type()+0x24
V  [libjvm.dylib+0x431c0c]  GenerateOopMap::do_method(int, int, int, int)+0x7c
V  [libjvm.dylib+0x42e28f]  GenerateOopMap::interp_bb(BasicBlock*)+0xdf
V  [libjvm.dylib+0x42d9a9]  GenerateOopMap::do_interpretation()+0x89
V  [libjvm.dylib+0x432a3c]  GenerateOopMap::compute_map(Thread*)+0x21c
V  [libjvm.dylib+0x81d4cd]  OopMapForCacheEntry::compute_map(Thread*)+0x5d
V  [libjvm.dylib+0x81e2df]  OopMapCacheEntry::fill(methodHandle const&, int)+0xef
V  [libjvm.dylib+0x81f5bb]  OopMapCache::compute_one_oop_map(methodHandle const&, int, InterpreterOopMap*)+0x6b
V  [libjvm.dylib+0x7cec58]  Method::mask_for(int, InterpreterOopMap*)+0x128
V  [libjvm.dylib+0x9f203d]  interpretedVFrame::stack_data(bool) const+0x4d
V  [libjvm.dylib+0x68483b]  VM_GetOrSetLocal::doit_prologue()+0x12b
V  [libjvm.dylib+0xa0b4ad]  VMThread::execute(VM_Operation*)+0x12d
V  [libjvm.dylib+0x6682c3]  JvmtiEnv::GetLocalObject(JavaThread*, int, int, _jobject**)+0x53
V  [libjvm.dylib+0x621e3d]  jvmti_GetLocalObject(_jvmtiEnv*, _jobject*, int, int, _jobject**)+0x14d
C  [libjdwp.dylib+0x7ae0]  getValues+0x1b0
C  [libjdwp.dylib+0x10fd9]  debugLoop_run+0x219
C  [libjdwp.dylib+0x257e6]  attachThread+0x76
V  [libjvm.dylib+0x682786]  JvmtiAgentThread::call_start_function()+0x86
V  [libjvm.dylib+0x99ae92]  JavaThread::thread_main_inner()+0xb2
V  [libjvm.dylib+0x997fa1]  Thread::call_run()+0x71
V  [libjvm.dylib+0x82a037]  thread_native_entry(Thread*)+0x197
C  [libsystem_pthread.dylib+0x6950]  _pthread_start+0xe0
C  [libsystem_pthread.dylib+0x247b]  thread_start+0xf


siginfo: si_signo: 11 (SIGSEGV), si_code: 1 (SEGV_MAPERR), si_addr: 0x0000000000000004

Register to memory mapping:

RAX=0x0 is NULL
RBX=0x0000700005a652a8 is pointing into the stack for thread: 0x00007fceeb86ba00
RCX=0x0 is NULL
RDX=0x0000000000001940 is an unknown value
RSP=0x0000700005a64db0 is pointing into the stack for thread: 0x00007fceeb86ba00
RBP=0x0000700005a64e00 is pointing into the stack for thread: 0x00007fceeb86ba00
RSI=0x00000000000000ca is an unknown value
RDI=0x0000700005a64e18 is pointing into the stack for thread: 0x00007fceeb86ba00
R8 =0x00000000000000d7 is an unknown value
R9 =0x00007fceeb569e80 points into unknown readable memory: 0x0000000113be6298 | 98 62 be 13 01 00 00 00
R10=0x0000000000000007 is an unknown value
R11=0xfffffffffffffe10 is an unknown value
R12=0x0000700005a65468 is pointing into the stack for thread: 0x00007fceeb86ba00
R13=0x00007fceeb772da0 points into unknown readable memory: 0x0000000113be6298 | 98 62 be 13 01 00 00 00
R14=0x0000700005a64e18 is pointing into the stack for thread: 0x00007fceeb86ba00
R15=0x00000000000000d7 is an unknown value


Registers:
RAX=0x0000000000000000, RBX=0x0000700005a652a8, RCX=0x0000000000000000, RDX=0x0000000000001940
RSP=0x0000700005a64db0, RBP=0x0000700005a64e00, RSI=0x00000000000000ca, RDI=0x0000700005a64e18
R8 =0x00000000000000d7, R9 =0x00007fceeb569e80, R10=0x0000000000000007, R11=0xfffffffffffffe10
R12=0x0000700005a65468, R13=0x00007fceeb772da0, R14=0x0000700005a64e18, R15=0x00000000000000d7
RIP=0x00000001128dd534, EFLAGS=0x0000000000010246, ERR=0x0000000000000004
  TRAPNO=0x000000000000000e

Top of Stack: (sp=0x0000700005a64db0)
0x0000700005a64db0:   0000000000000000 0000000000000000
0x0000700005a64dc0:   0000000000000000 0000000000000000
0x0000700005a64dd0:   0000000000000000 0000000000000000
0x0000700005a64de0:   0000000000000000 0000700005a652a8
0x0000700005a64df0:   0000000000000000 00000000000000d7
0x0000700005a64e00:   0000700005a65290 0000000112431c0c
0x0000700005a64e10:   0000000000000000 0000000000000000
0x0000700005a64e20:   0000000000000063 0000000000000000
0x0000700005a64e30:   0000700005a65250 0000000000000000
0x0000700005a64e40:   00007fceed924910 0000000000000000
0x0000700005a64e50:   0000000000000000 0000000000000000
0x0000700005a64e60:   00007fceed9249b0 0000000000000000
0x0000700005a64e70:   0000000000000000 0000000000000000
0x0000700005a64e80:   0000000000000000 0000000000000000
0x0000700005a64e90:   0000000000000000 0000000000000000
0x0000700005a64ea0:   0000000000000000 0000000000000000
0x0000700005a64eb0:   0000000000000000 0000000000000000
0x0000700005a64ec0:   0000000000000000 0000000000000000
0x0000700005a64ed0:   0000000000000000 0000000000000000
0x0000700005a64ee0:   0000000000000000 0000000000000000
0x0000700005a64ef0:   0000000000000000 0000000000000000
0x0000700005a64f00:   00007fceed923660 0000000000000000
0x0000700005a64f10:   0000000000000000 0000000000000000
0x0000700005a64f20:   0000000000000000 0000000000000000
0x0000700005a64f30:   0000000000000000 0000000000000000
0x0000700005a64f40:   0000000000000000 0000000000000000
0x0000700005a64f50:   0000000000000000 00007fceed9246f0
0x0000700005a64f60:   0000000000000000 00007fceed924790
0x0000700005a64f70:   0000000000000000 0000000000000000
0x0000700005a64f80:   0000000000000000 0000000000000000
0x0000700005a64f90:   0000000000000000 0000000000000000
0x0000700005a64fa0:   0000000000000000 0000000000000000 

Instructions: (pc=0x00000001128dd534)
0x00000001128dd434:   01 75 21 c7 45 b8 00 00 00 00 48 8b 75 d0 48 85
0x00000001128dd444:   f6 74 11 48 8d 7d b8 e8 70 f2 b6 ff 48 c7 45 d0
0x00000001128dd454:   00 00 00 00 4c 89 e8 48 83 c4 38 5b 41 5c 41 5d
0x00000001128dd464:   41 5e 41 5f 5d c3 66 0f 1f 44 00 00 80 3d 99 21
0x00000001128dd474:   2f 00 00 74 01 c3 55 48 89 e5 48 83 ec 10 c7 04
0x00000001128dd484:   24 00 00 00 00 48 8d 3d 10 21 2f 00 48 8d 35 39
0x00000001128dd494:   32 bc ff ba 68 00 00 00 b9 10 00 00 00 41 b8 54
0x00000001128dd4a4:   00 00 00 45 31 c9 e8 d1 d6 df ff 48 c7 05 56 21
0x00000001128dd4b4:   2f 00 01 00 00 00 48 83 c4 10 5d c3 55 48 89 e5
0x00000001128dd4c4:   48 8d 0d f5 28 22 00 b8 10 00 00 00 31 d2 f7 39
0x00000001128dd4d4:   89 05 4e bb 38 00 5d c3 90 90 90 90 55 48 89 e5
0x00000001128dd4e4:   48 8d 46 01 48 83 f8 01 76 11 48 39 77 10 74 17
0x00000001128dd4f4:   48 89 77 10 d1 ee 83 e6 0f eb 09 48 89 77 10 be
0x00000001128dd504:   63 00 00 00 89 77 08 5d c3 0f 1f 00 55 48 89 e5
0x00000001128dd514:   41 57 41 56 53 48 83 ec 38 49 89 fe 41 8b 46 08
0x00000001128dd524:   83 f8 63 0f 85 af 00 00 00 49 8b 06 48 89 45 b8
0x00000001128dd534:   0f b7 40 04 89 45 c8 c7 45 d4 01 00 00 00 48 b8
0x00000001128dd544:   01 00 00 00 01 00 00 00 48 89 45 c0 c7 45 cc 00
0x00000001128dd554:   00 00 00 48 8d 05 32 0a 38 00 48 8b 40 18 48 89
0x00000001128dd564:   45 d8 48 c7 45 e0 00 00 00 00 48 8d 7d b8 e8 39
0x00000001128dd574:   09 00 00 83 7d d4 03 74 21 48 8d 5d b8 66 66 66
0x00000001128dd584:   66 66 66 2e 0f 1f 84 00 00 00 00 00 48 89 df e8
0x00000001128dd594:   18 09 00 00 83 7d d4 03 75 f2 8b 45 d0 41 89 46
0x00000001128dd5a4:   08 48 8b 7d d8 e8 62 9f 06 00 4c 8b 7d e0 4d 85
0x00000001128dd5b4:   ff 74 21 41 83 3f 00 7e 1b 31 db 90 49 8b 47 18
0x00000001128dd5c4:   48 8b 3c d8 e8 43 9f 06 00 48 ff c3 49 63 07 48
0x00000001128dd5d4:   39 c3 7c e8 41 8b 46 08 48 83 c4 38 5b 41 5e 41
0x00000001128dd5e4:   5f 5d c3 66 0f 1f 84 00 00 00 00 00 55 48 89 e5
0x00000001128dd5f4:   48 89 37 0f b7 46 04 89 47 10 89 57 1c 89 57 0c
0x00000001128dd604:   89 57 08 c7 47 14 00 00 00 00 48 8d 05 7b 09 38
0x00000001128dd614:   00 48 8b 40 18 48 89 47 20 48 c7 47 28 00 00 00
0x00000001128dd624:   00 5d e9 85 08 00 00 0f 1f 44 00 00 55 48 89 e5 


Stack slot to memory mapping:
stack at sp + 0 slots: 0x0 is NULL
stack at sp + 1 slots: 0x0 is NULL
stack at sp + 2 slots: 0x0 is NULL
stack at sp + 3 slots: 0x0 is NULL
stack at sp + 4 slots: 0x0 is NULL
stack at sp + 5 slots: 0x0 is NULL
stack at sp + 6 slots: 0x0 is NULL
stack at sp + 7 slots: 0x0000700005a652a8 is pointing into the stack for thread: 0x00007fceeb86ba00


---------------  P R O C E S S  ---------------

Threads class SMR info:
_java_thread_list=0x00007fceee704e20, length=13, elements={
0x00007fceeb808200, 0x00007fceed808200, 0x00007fceed80a400, 0x00007fceec049000,
0x00007fceec80bc00, 0x00007fceec80b400, 0x00007fceec047400, 0x00007fceec80e400,
0x00007fceec810600, 0x00007fceeb86ba00, 0x00007fceec831e00, 0x00007fceec832400,
0x00007fceec045c00
}

Java Threads: ( => current thread )
  0x00007fceeb808200 JavaThread "main" [_thread_blocked, id=9731, stack(0x0000700004934000,0x0000700004a34000)]
  0x00007fceed808200 JavaThread "Reference Handler" daemon [_thread_blocked, id=15875, stack(0x0000700005049000,0x0000700005149000)]
  0x00007fceed80a400 JavaThread "Finalizer" daemon [_thread_blocked, id=17923, stack(0x000070000514c000,0x000070000524c000)]
  0x00007fceec049000 JavaThread "Signal Dispatcher" daemon [_thread_blocked, id=41987, stack(0x0000700005355000,0x0000700005455000)]
  0x00007fceec80bc00 JavaThread "Service Thread" daemon [_thread_blocked, id=22275, stack(0x0000700005458000,0x0000700005558000)]
  0x00007fceec80b400 JavaThread "C2 CompilerThread0" daemon [_thread_blocked, id=40451, stack(0x000070000555b000,0x000070000565b000)]
  0x00007fceec047400 JavaThread "C1 CompilerThread0" daemon [_thread_blocked, id=23555, stack(0x000070000565e000,0x000070000575e000)]
  0x00007fceec80e400 JavaThread "Sweeper thread" daemon [_thread_blocked, id=24323, stack(0x0000700005761000,0x0000700005861000)]
  0x00007fceec810600 JavaThread "Common-Cleaner" daemon [_thread_blocked, id=24835, stack(0x0000700005864000,0x0000700005964000)]
=>0x00007fceeb86ba00 JavaThread "JDWP Transport Listener: dt_socket" daemon [_thread_in_vm, id=39427, stack(0x0000700005967000,0x0000700005a67000)]
  0x00007fceec831e00 JavaThread "JDWP Event Helper Thread" daemon [_thread_blocked, id=26115, stack(0x0000700005a6a000,0x0000700005b6a000)]
  0x00007fceec832400 JavaThread "JDWP Command Reader" daemon [_thread_in_native, id=27139, stack(0x0000700005b6d000,0x0000700005c6d000)]
  0x00007fceec045c00 JavaThread "Notification Thread" daemon [_thread_blocked, id=37891, stack(0x0000700005c70000,0x0000700005d70000)]

Other Threads:
  0x00007fceeb533a10 VMThread "VM Thread" [stack: 0x0000700004f46000,0x0000700005046000] [id=15107]
  0x00007fceeb68fda0 WatcherThread [stack: 0x0000700005d73000,0x0000700005e73000] [id=37635]
  0x00007fceeb61d050 GCTaskThread "GC Thread#0" [stack: 0x0000700004a37000,0x0000700004b37000] [id=13315]
  0x00007fceeb5cc680 GCTaskThread "GC Thread#1" [stack: 0x0000700005e9d000,0x0000700005f9d000] [id=22027]
  0x00007fceeb61e200 ConcurrentGCThread "G1 Main Marker" [stack: 0x0000700004b3a000,0x0000700004c3a000] [id=20483]
  0x00007fceeb61f300 ConcurrentGCThread "G1 Conc#0" [stack: 0x0000700004c3d000,0x0000700004d3d000] [id=19971]
  0x00007fceeb51bcc0 ConcurrentGCThread "G1 Refine#0" [stack: 0x0000700004d40000,0x0000700004e40000] [id=19715]
  0x00007fceeb620340 ConcurrentGCThread "G1 Young RemSet Sampling" [stack: 0x0000700004e43000,0x0000700004f43000] [id=14851]

Threads with active compile tasks:

VM state: not at safepoint (normal execution)

VM Mutex/Monitor currently owned by a thread: None

Heap address: 0x00000007c0000000, size: 1024 MB, Compressed Oops mode: Zero based, Oop shift amount: 3
CDS disabled.
Compressed class space mapped at: 0x0000000800000000-0x0000000840000000, size: 1073741824
Narrow klass base: 0x0000000800000000, Narrow klass shift: 0, Narrow klass range: 0x40000000

GC Precious Log:
 CPUs: 4 total, 4 available
 Memory: 4096M
 Large Page Support: Disabled
 NUMA Support: Disabled
 Compressed Oops: Enabled (Zero based)
 Heap Region Size: 1M
 Heap Min Capacity: 8M
 Heap Initial Capacity: 64M
 Heap Max Capacity: 1G
 Pre-touch: Disabled
 Parallel Workers: 4
 Concurrent Workers: 1
 Concurrent Refinement Workers: 4
 Periodic GC: Disabled

Heap:
 garbage-first heap   total 65536K, used 5550K [0x00000007c0000000, 0x0000000800000000)
  region size 1024K, 5 young (5120K), 1 survivors (1024K)
 Metaspace       used 12540K, capacity 12672K, committed 12928K, reserved 1060864K
  class space    used 1106K, capacity 1151K, committed 1152K, reserved 1048576K

Heap Regions: E=young(eden), S=young(survivor), O=old, HS=humongous(starts), HC=humongous(continues), CS=collection set, F=free, OA=open archive, CA=closed archive, TAMS=top-at-mark-start (previous, next)
|   0|0x00000007c0000000, 0x00000007c0100000, 0x00000007c0100000|100%| O|  |TAMS 0x00000007c0000000, 0x00000007c0000000| Untracked 
|   1|0x00000007c0100000, 0x00000007c0200000, 0x00000007c0200000|100%| O|  |TAMS 0x00000007c0100000, 0x00000007c0100000| Untracked 
|   2|0x00000007c0200000, 0x00000007c0218e00, 0x00000007c0300000|  9%| O|  |TAMS 0x00000007c0200000, 0x00000007c0200000| Untracked 
|   3|0x00000007c0300000, 0x00000007c0300000, 0x00000007c0400000|  0%| F|  |TAMS 0x00000007c0300000, 0x00000007c0300000| Untracked 
|   4|0x00000007c0400000, 0x00000007c0400000, 0x00000007c0500000|  0%| F|  |TAMS 0x00000007c0400000, 0x00000007c0400000| Untracked 
|   5|0x00000007c0500000, 0x00000007c0500000, 0x00000007c0600000|  0%| F|  |TAMS 0x00000007c0500000, 0x00000007c0500000| Untracked 
|   6|0x00000007c0600000, 0x00000007c0600000, 0x00000007c0700000|  0%| F|  |TAMS 0x00000007c0600000, 0x00000007c0600000| Untracked 
|   7|0x00000007c0700000, 0x00000007c0700000, 0x00000007c0800000|  0%| F|  |TAMS 0x00000007c0700000, 0x00000007c0700000| Untracked 
|   8|0x00000007c0800000, 0x00000007c0800000, 0x00000007c0900000|  0%| F|  |TAMS 0x00000007c0800000, 0x00000007c0800000| Untracked 
|   9|0x00000007c0900000, 0x00000007c0900000, 0x00000007c0a00000|  0%| F|  |TAMS 0x00000007c0900000, 0x00000007c0900000| Untracked 
|  10|0x00000007c0a00000, 0x00000007c0a00000, 0x00000007c0b00000|  0%| F|  |TAMS 0x00000007c0a00000, 0x00000007c0a00000| Untracked 
|  11|0x00000007c0b00000, 0x00000007c0b00000, 0x00000007c0c00000|  0%| F|  |TAMS 0x00000007c0b00000, 0x00000007c0b00000| Untracked 
|  12|0x00000007c0c00000, 0x00000007c0c00000, 0x00000007c0d00000|  0%| F|  |TAMS 0x00000007c0c00000, 0x00000007c0c00000| Untracked 
|  13|0x00000007c0d00000, 0x00000007c0d00000, 0x00000007c0e00000|  0%| F|  |TAMS 0x00000007c0d00000, 0x00000007c0d00000| Untracked 
|  14|0x00000007c0e00000, 0x00000007c0e00000, 0x00000007c0f00000|  0%| F|  |TAMS 0x00000007c0e00000, 0x00000007c0e00000| Untracked 
|  15|0x00000007c0f00000, 0x00000007c0f00000, 0x00000007c1000000|  0%| F|  |TAMS 0x00000007c0f00000, 0x00000007c0f00000| Untracked 
|  16|0x00000007c1000000, 0x00000007c1000000, 0x00000007c1100000|  0%| F|  |TAMS 0x00000007c1000000, 0x00000007c1000000| Untracked 
|  17|0x00000007c1100000, 0x00000007c1100000, 0x00000007c1200000|  0%| F|  |TAMS 0x00000007c1100000, 0x00000007c1100000| Untracked 
|  18|0x00000007c1200000, 0x00000007c1200000, 0x00000007c1300000|  0%| F|  |TAMS 0x00000007c1200000, 0x00000007c1200000| Untracked 
|  19|0x00000007c1300000, 0x00000007c1300000, 0x00000007c1400000|  0%| F|  |TAMS 0x00000007c1300000, 0x00000007c1300000| Untracked 
|  20|0x00000007c1400000, 0x00000007c1400000, 0x00000007c1500000|  0%| F|  |TAMS 0x00000007c1400000, 0x00000007c1400000| Untracked 
|  21|0x00000007c1500000, 0x00000007c1500000, 0x00000007c1600000|  0%| F|  |TAMS 0x00000007c1500000, 0x00000007c1500000| Untracked 
|  22|0x00000007c1600000, 0x00000007c1600000, 0x00000007c1700000|  0%| F|  |TAMS 0x00000007c1600000, 0x00000007c1600000| Untracked 
|  23|0x00000007c1700000, 0x00000007c1700000, 0x00000007c1800000|  0%| F|  |TAMS 0x00000007c1700000, 0x00000007c1700000| Untracked 
|  24|0x00000007c1800000, 0x00000007c1800000, 0x00000007c1900000|  0%| F|  |TAMS 0x00000007c1800000, 0x00000007c1800000| Untracked 
|  25|0x00000007c1900000, 0x00000007c1900000, 0x00000007c1a00000|  0%| F|  |TAMS 0x00000007c1900000, 0x00000007c1900000| Untracked 
|  26|0x00000007c1a00000, 0x00000007c1a00000, 0x00000007c1b00000|  0%| F|  |TAMS 0x00000007c1a00000, 0x00000007c1a00000| Untracked 
|  27|0x00000007c1b00000, 0x00000007c1b00000, 0x00000007c1c00000|  0%| F|  |TAMS 0x00000007c1b00000, 0x00000007c1b00000| Untracked 
|  28|0x00000007c1c00000, 0x00000007c1c00000, 0x00000007c1d00000|  0%| F|  |TAMS 0x00000007c1c00000, 0x00000007c1c00000| Untracked 
|  29|0x00000007c1d00000, 0x00000007c1d00000, 0x00000007c1e00000|  0%| F|  |TAMS 0x00000007c1d00000, 0x00000007c1d00000| Untracked 
|  30|0x00000007c1e00000, 0x00000007c1e00000, 0x00000007c1f00000|  0%| F|  |TAMS 0x00000007c1e00000, 0x00000007c1e00000| Untracked 
|  31|0x00000007c1f00000, 0x00000007c1f00000, 0x00000007c2000000|  0%| F|  |TAMS 0x00000007c1f00000, 0x00000007c1f00000| Untracked 
|  32|0x00000007c2000000, 0x00000007c2000000, 0x00000007c2100000|  0%| F|  |TAMS 0x00000007c2000000, 0x00000007c2000000| Untracked 
|  33|0x00000007c2100000, 0x00000007c2100000, 0x00000007c2200000|  0%| F|  |TAMS 0x00000007c2100000, 0x00000007c2100000| Untracked 
|  34|0x00000007c2200000, 0x00000007c2200000, 0x00000007c2300000|  0%| F|  |TAMS 0x00000007c2200000, 0x00000007c2200000| Untracked 
|  35|0x00000007c2300000, 0x00000007c2300000, 0x00000007c2400000|  0%| F|  |TAMS 0x00000007c2300000, 0x00000007c2300000| Untracked 
|  36|0x00000007c2400000, 0x00000007c2400000, 0x00000007c2500000|  0%| F|  |TAMS 0x00000007c2400000, 0x00000007c2400000| Untracked 
|  37|0x00000007c2500000, 0x00000007c2500000, 0x00000007c2600000|  0%| F|  |TAMS 0x00000007c2500000, 0x00000007c2500000| Untracked 
|  38|0x00000007c2600000, 0x00000007c2600000, 0x00000007c2700000|  0%| F|  |TAMS 0x00000007c2600000, 0x00000007c2600000| Untracked 
|  39|0x00000007c2700000, 0x00000007c2700000, 0x00000007c2800000|  0%| F|  |TAMS 0x00000007c2700000, 0x00000007c2700000| Untracked 
|  40|0x00000007c2800000, 0x00000007c2800000, 0x00000007c2900000|  0%| F|  |TAMS 0x00000007c2800000, 0x00000007c2800000| Untracked 
|  41|0x00000007c2900000, 0x00000007c2900000, 0x00000007c2a00000|  0%| F|  |TAMS 0x00000007c2900000, 0x00000007c2900000| Untracked 
|  42|0x00000007c2a00000, 0x00000007c2a00000, 0x00000007c2b00000|  0%| F|  |TAMS 0x00000007c2a00000, 0x00000007c2a00000| Untracked 
|  43|0x00000007c2b00000, 0x00000007c2b00000, 0x00000007c2c00000|  0%| F|  |TAMS 0x00000007c2b00000, 0x00000007c2b00000| Untracked 
|  44|0x00000007c2c00000, 0x00000007c2c00000, 0x00000007c2d00000|  0%| F|  |TAMS 0x00000007c2c00000, 0x00000007c2c00000| Untracked 
|  45|0x00000007c2d00000, 0x00000007c2d00000, 0x00000007c2e00000|  0%| F|  |TAMS 0x00000007c2d00000, 0x00000007c2d00000| Untracked 
|  46|0x00000007c2e00000, 0x00000007c2e52c20, 0x00000007c2f00000| 32%| S|CS|TAMS 0x00000007c2e00000, 0x00000007c2e00000| Complete 
|  47|0x00000007c2f00000, 0x00000007c2f00000, 0x00000007c3000000|  0%| F|  |TAMS 0x00000007c2f00000, 0x00000007c2f00000| Untracked 
|  48|0x00000007c3000000, 0x00000007c3000000, 0x00000007c3100000|  0%| F|  |TAMS 0x00000007c3000000, 0x00000007c3000000| Untracked 
|  49|0x00000007c3100000, 0x00000007c3100000, 0x00000007c3200000|  0%| F|  |TAMS 0x00000007c3100000, 0x00000007c3100000| Untracked 
|  50|0x00000007c3200000, 0x00000007c3200000, 0x00000007c3300000|  0%| F|  |TAMS 0x00000007c3200000, 0x00000007c3200000| Untracked 
|  51|0x00000007c3300000, 0x00000007c3300000, 0x00000007c3400000|  0%| F|  |TAMS 0x00000007c3300000, 0x00000007c3300000| Untracked 
|  52|0x00000007c3400000, 0x00000007c3400000, 0x00000007c3500000|  0%| F|  |TAMS 0x00000007c3400000, 0x00000007c3400000| Untracked 
|  53|0x00000007c3500000, 0x00000007c3500000, 0x00000007c3600000|  0%| F|  |TAMS 0x00000007c3500000, 0x00000007c3500000| Untracked 
|  54|0x00000007c3600000, 0x00000007c3600000, 0x00000007c3700000|  0%| F|  |TAMS 0x00000007c3600000, 0x00000007c3600000| Untracked 
|  55|0x00000007c3700000, 0x00000007c3700000, 0x00000007c3800000|  0%| F|  |TAMS 0x00000007c3700000, 0x00000007c3700000| Untracked 
|  56|0x00000007c3800000, 0x00000007c3800000, 0x00000007c3900000|  0%| F|  |TAMS 0x00000007c3800000, 0x00000007c3800000| Untracked 
|  57|0x00000007c3900000, 0x00000007c3900000, 0x00000007c3a00000|  0%| F|  |TAMS 0x00000007c3900000, 0x00000007c3900000| Untracked 
|  58|0x00000007c3a00000, 0x00000007c3a00000, 0x00000007c3b00000|  0%| F|  |TAMS 0x00000007c3a00000, 0x00000007c3a00000| Untracked 
|  59|0x00000007c3b00000, 0x00000007c3b00000, 0x00000007c3c00000|  0%| F|  |TAMS 0x00000007c3b00000, 0x00000007c3b00000| Untracked 
|  60|0x00000007c3c00000, 0x00000007c3cbf940, 0x00000007c3d00000| 74%| E|  |TAMS 0x00000007c3c00000, 0x00000007c3c00000| Complete 
|  61|0x00000007c3d00000, 0x00000007c3e00000, 0x00000007c3e00000|100%| E|CS|TAMS 0x00000007c3d00000, 0x00000007c3d00000| Complete 
|  62|0x00000007c3e00000, 0x00000007c3f00000, 0x00000007c3f00000|100%| E|CS|TAMS 0x00000007c3e00000, 0x00000007c3e00000| Complete 
|  63|0x00000007c3f00000, 0x00000007c4000000, 0x00000007c4000000|100%| E|CS|TAMS 0x00000007c3f00000, 0x00000007c3f00000| Complete 

Card table byte_map: [0x0000000113438000,0x0000000113638000] _byte_map_base: 0x000000010f638000

Marking Bits (Prev, Next): (CMBitMap*) 0x00007fceec032610, (CMBitMap*) 0x00007fceec032650
 Prev Bits: [0x0000000126a08000, 0x0000000127a08000)
 Next Bits: [0x0000000127a08000, 0x0000000128a08000)

Polling page: 0x000000010ffb6000

Metaspace:

Usage:
  Non-class:     11.25 MB capacity,    11.17 MB (>99%) used,    77.06 KB ( <1%) free+waste,     9.44 KB ( <1%) overhead. 
      Class:      1.12 MB capacity,     1.08 MB ( 96%) used,    41.76 KB (  4%) free+waste,     2.88 KB ( <1%) overhead. 
       Both:     12.38 MB capacity,    12.25 MB ( 99%) used,   118.82 KB ( <1%) free+waste,    12.31 KB ( <1%) overhead. 

Virtual space:
  Non-class space:       12.00 MB reserved,      11.50 MB ( 96%) committed 
      Class space:        1.00 GB reserved,       1.12 MB ( <1%) committed 
             Both:        1.01 GB reserved,      12.62 MB (  1%) committed 

Chunk freelists:
   Non-Class:  111.00 KB
       Class:  1.00 KB
        Both:  112.00 KB

MaxMetaspaceSize: 17179869184.00 GB
CompressedClassSpaceSize: 1.00 GB

CodeHeap 'non-profiled nmethods': size=120032Kb used=626Kb max_used=626Kb free=119405Kb
 bounds [0x000000011f4d0000, 0x000000011f740000, 0x0000000126a08000]
CodeHeap 'profiled nmethods': size=120028Kb used=2237Kb max_used=2237Kb free=117790Kb
 bounds [0x0000000117f99000, 0x0000000118209000, 0x000000011f4d0000]
CodeHeap 'non-nmethods': size=5700Kb used=1222Kb max_used=1251Kb free=4478Kb
 bounds [0x0000000117a08000, 0x0000000117c78000, 0x0000000117f99000]
 total_blobs=1615 nmethods=1205 adapters=324
 compilation: enabled
              stopped_count=0, restarted_count=0
 full_count=0

Compilation events (20 events):
Event: 365.942 Thread 0x00007fceec047400 1203   !   3       sun.nio.cs.StreamEncoder::write (78 bytes)
Event: 365.943 Thread 0x00007fceec047400 nmethod 1203 0x00000001181c3a10 code [0x00000001181c3c40, 0x00000001181c43b0]
Event: 365.943 Thread 0x00007fceec047400 1204       3       java.io.OutputStreamWriter::flushBuffer (8 bytes)
Event: 365.943 Thread 0x00007fceec047400 nmethod 1204 0x00000001181c4810 code [0x00000001181c49a0, 0x00000001181c4ae0]
Event: 365.943 Thread 0x00007fceec047400 1205       3       sun.nio.cs.UTF_8$Encoder::encodeLoop (28 bytes)
Event: 365.944 Thread 0x00007fceec047400 nmethod 1205 0x00000001181c4b90 code [0x00000001181c4d60, 0x00000001181c5170]
Event: 365.944 Thread 0x00007fceec047400 1206       3       sun.nio.cs.StreamEncoder::isOpen (13 bytes)
Event: 365.944 Thread 0x00007fceec047400 nmethod 1206 0x00000001181c5290 code [0x00000001181c5420, 0x00000001181c5570]
Event: 365.944 Thread 0x00007fceec047400 1207       3       sun.nio.cs.StreamEncoder::implFlushBuffer (15 bytes)
Event: 365.944 Thread 0x00007fceec047400 nmethod 1207 0x00000001181c5610 code [0x00000001181c57a0, 0x00000001181c5920]
Event: 365.944 Thread 0x00007fceec047400 1208       3       sun.nio.cs.StreamEncoder::writeBytes (132 bytes)
Event: 365.945 Thread 0x00007fceec047400 nmethod 1208 0x00000001181c5a10 code [0x00000001181c5c80, 0x00000001181c66f0]
Event: 365.945 Thread 0x00007fceec047400 1209   !   3       java.io.PrintStream::write (69 bytes)
Event: 365.946 Thread 0x00007fceec047400 nmethod 1209 0x00000001181c6a90 code [0x00000001181c6ca0, 0x00000001181c7370]
Event: 365.946 Thread 0x00007fceec047400 1210       3       java.lang.StringBuilder::append (8 bytes)
Event: 365.947 Thread 0x00007fceec047400 nmethod 1210 0x00000001181c7710 code [0x00000001181c78a0, 0x00000001181c79e0]
Event: 365.947 Thread 0x00007fceec047400 1211       3       sun.nio.cs.StreamEncoder::implWrite (137 bytes)
Event: 365.948 Thread 0x00007fceec047400 nmethod 1211 0x00000001181c7a90 code [0x00000001181c7cc0, 0x00000001181c8500]
Event: 425.934 Thread 0x00007fceec047400 1212       1       java.util.concurrent.locks.AbstractOwnableSynchronizer::setExclusiveOwnerThread (6 bytes)
Event: 425.935 Thread 0x00007fceec047400 nmethod 1212 0x000000011f56c590 code [0x000000011f56c720, 0x000000011f56c830]

GC Heap History (4 events):
Event: 18.373 GC heap before
{Heap before GC invocations=0 (full 0):
 garbage-first heap   total 65536K, used 13312K [0x00000007c0000000, 0x0000000800000000)
  region size 1024K, 13 young (13312K), 0 survivors (0K)
 Metaspace       used 11726K, capacity 11840K, committed 12160K, reserved 1060864K
  class space    used 1048K, capacity 1087K, committed 1152K, reserved 1048576K
}
Event: 18.383 GC heap after
{Heap after GC invocations=1 (full 0):
 garbage-first heap   total 65536K, used 2316K [0x00000007c0000000, 0x0000000800000000)
  region size 1024K, 2 young (2048K), 2 survivors (2048K)
 Metaspace       used 11726K, capacity 11840K, committed 12160K, reserved 1060864K
  class space    used 1048K, capacity 1087K, committed 1152K, reserved 1048576K
}
Event: 310.341 GC heap before
{Heap before GC invocations=1 (full 0):
 garbage-first heap   total 65536K, used 17676K [0x00000007c0000000, 0x0000000800000000)
  region size 1024K, 17 young (17408K), 2 survivors (2048K)
 Metaspace       used 12479K, capacity 12608K, committed 12928K, reserved 1060864K
  class space    used 1104K, capacity 1151K, committed 1152K, reserved 1048576K
}
Event: 310.353 GC heap after
{Heap after GC invocations=2 (full 0):
 garbage-first heap   total 65536K, used 2478K [0x00000007c0000000, 0x0000000800000000)
  region size 1024K, 1 young (1024K), 1 survivors (1024K)
 Metaspace       used 12479K, capacity 12608K, committed 12928K, reserved 1060864K
  class space    used 1104K, capacity 1151K, committed 1152K, reserved 1048576K
}

Deoptimization events (20 events):
Event: 18.490 Thread 0x00007fceeb808200 DEOPT PACKING pc=0x000000011f50b1c8 sp=0x0000700004a332e0
Event: 18.490 Thread 0x00007fceeb808200 DEOPT UNPACKING pc=0x0000000117a56125 sp=0x0000700004a33290 mode 2
Event: 54.855 Thread 0x00007fceeb808200 DEOPT PACKING pc=0x000000011813a6ea sp=0x0000700004a32e00
Event: 54.855 Thread 0x00007fceeb808200 DEOPT UNPACKING pc=0x0000000117a55f2b sp=0x0000700004a32400 mode 0
Event: 54.856 Thread 0x00007fceeb808200 DEOPT PACKING pc=0x000000011813a6ea sp=0x0000700004a32e00
Event: 54.856 Thread 0x00007fceeb808200 DEOPT UNPACKING pc=0x0000000117a55f2b sp=0x0000700004a32400 mode 0
Event: 68.493 Thread 0x00007fceeb808200 DEOPT PACKING pc=0x0000000118150732 sp=0x0000700004a32e00
Event: 68.493 Thread 0x00007fceeb808200 DEOPT UNPACKING pc=0x0000000117a55f2b sp=0x0000700004a323f0 mode 0
Event: 68.493 Thread 0x00007fceeb808200 DEOPT PACKING pc=0x0000000118150732 sp=0x0000700004a32e00
Event: 68.493 Thread 0x00007fceeb808200 DEOPT UNPACKING pc=0x0000000117a55f2b sp=0x0000700004a323f0 mode 0
Event: 68.493 Thread 0x00007fceeb808200 DEOPT PACKING pc=0x0000000118150732 sp=0x0000700004a32e00
Event: 68.493 Thread 0x00007fceeb808200 DEOPT UNPACKING pc=0x0000000117a55f2b sp=0x0000700004a323f0 mode 0
Event: 80.688 Thread 0x00007fceeb808200 DEOPT PACKING pc=0x0000000118150732 sp=0x0000700004a32e00
Event: 80.688 Thread 0x00007fceeb808200 DEOPT UNPACKING pc=0x0000000117a55f2b sp=0x0000700004a323f0 mode 0
Event: 80.688 Thread 0x00007fceeb808200 DEOPT PACKING pc=0x0000000118150732 sp=0x0000700004a32e00
Event: 80.688 Thread 0x00007fceeb808200 DEOPT UNPACKING pc=0x0000000117a55f2b sp=0x0000700004a323f0 mode 0
Event: 310.358 Thread 0x00007fceeb808200 DEOPT PACKING pc=0x00000001181b4a9d sp=0x0000700004a337c0
Event: 310.358 Thread 0x00007fceeb808200 DEOPT UNPACKING pc=0x0000000117a55f2b sp=0x0000700004a32cb8 mode 0
Event: 343.017 Thread 0x00007fceeb808200 DEOPT PACKING pc=0x00000001181b4b39 sp=0x0000700004a337c0
Event: 343.017 Thread 0x00007fceeb808200 DEOPT UNPACKING pc=0x0000000117a55f2b sp=0x0000700004a32cb8 mode 0

Classes unloaded (0 events):
No events

Classes redefined (3 events):
Event: 225.811 Thread 0x00007fceeb533a10 redefined class name=Main, count=1
Event: 391.738 Thread 0x00007fceeb533a10 redefined class name=Main, count=2
Event: 832.645 Thread 0x00007fceeb533a10 redefined class name=Main, count=3

Internal exceptions (9 events):
Event: 0.871 Thread 0x00007fceeb808200 Exception <a 'java/lang/NoSuchMethodError'{0x00000007c3d1a8f0}: 'void java.lang.invoke.DirectMethodHandle$Holder.invokeStatic(java.lang.Object, java.lang.Object)'> (0x00000007c3d1a8f0) 
thrown [./open/src/hotspot/share/interpreter/linkResolver.cpp, line 782]
Event: 0.873 Thread 0x00007fceeb808200 Exception <a 'java/lang/NoSuchMethodError'{0x00000007c3d1e598}: 'void java.lang.invoke.DirectMethodHandle$Holder.invokeStaticInit(java.lang.Object, java.lang.Object)'> (0x00000007c3d1e598) 
thrown [./open/src/hotspot/share/interpreter/linkResolver.cpp, line 782]
Event: 1.227 Thread 0x00007fceeb808200 Exception <a 'java/lang/NoSuchMethodError'{0x00000007c3b01170}: 'java.lang.Object java.lang.invoke.DirectMethodHandle$Holder.invokeStatic(java.lang.Object)'> (0x00000007c3b01170) 
thrown [./open/src/hotspot/share/interpreter/linkResolver.cpp, line 782]
Event: 1.451 Thread 0x00007fceeb808200 Exception <a 'java/lang/NoSuchMethodError'{0x00000007c3a82400}: 'java.lang.Object java.lang.invoke.DirectMethodHandle$Holder.invokeStaticInit(java.lang.Object)'> (0x00000007c3a82400) 
thrown [./open/src/hotspot/share/interpreter/linkResolver.cpp, line 782]
Event: 1.454 Thread 0x00007fceeb808200 Exception <a 'java/lang/NoSuchMethodError'{0x00000007c3a8f3b8}: 'java.lang.Object java.lang.invoke.DirectMethodHandle$Holder.invokeStaticInit(java.lang.Object, java.lang.Object, long, java.lang.Object)'> (0x00000007c3a8f3b8) 
thrown [./open/src/hotspot/share/interpreter/linkResolver.cpp, line 782]
Event: 1.456 Thread 0x00007fceeb808200 Exception <a 'java/lang/NoSuchMethodError'{0x00000007c3a95e60}: 'java.lang.Object java.lang.invoke.DirectMethodHandle$Holder.newInvokeSpecial(java.lang.Object, java.lang.Object, long)'> (0x00000007c3a95e60) 
thrown [./open/src/hotspot/share/interpreter/linkResolver.cpp, line 782]
Event: 1.457 Thread 0x00007fceeb808200 Exception <a 'java/lang/NoSuchMethodError'{0x00000007c3a9a250}: 'java.lang.Object java.lang.invoke.Invokers$Holder.linkToTargetMethod(java.lang.Object, long, java.lang.Object)'> (0x00000007c3a9a250) 
thrown [./open/src/hotspot/share/interpreter/linkResolver.cpp, line 782]
Event: 1.467 Thread 0x00007fceeb808200 Exception <a 'java/lang/NoSuchMethodError'{0x00000007c3abc730}: 'java.lang.Object java.lang.invoke.DirectMethodHandle$Holder.newInvokeSpecial(java.lang.Object, java.lang.Object, java.lang.Object, int)'> (0x00000007c3abc730) 
thrown [./open/src/hotspot/share/interpreter/linkResolver.cpp, line 782]
Event: 1.469 Thread 0x00007fceeb808200 Exception <a 'java/lang/NoSuchMethodError'{0x00000007c3ac40f8}: 'java.lang.Object java.lang.invoke.Invokers$Holder.linkToTargetMethod(java.lang.Object, java.lang.Object, int, java.lang.Object)'> (0x00000007c3ac40f8) 
thrown [./open/src/hotspot/share/interpreter/linkResolver.cpp, line 782]

Events (20 events):
Event: 425.935 Protecting memory [0x0000700005e76000,0x0000700005e7a000] with protection modes 3
Event: 425.935 Thread 0x00007fceec054e00 Thread exited: 0x00007fceec054e00
Event: 832.602 Executing VM operation: RedefineClasses
Event: 832.686 Executing VM operation: RedefineClasses done
Event: 832.729 Executing VM operation: ChangeBreakpoints
Event: 832.740 Executing VM operation: ChangeBreakpoints done
Event: 832.758 Executing VM operation: ChangeBreakpoints
Event: 832.769 Executing VM operation: ChangeBreakpoints done
Event: 832.780 Executing VM operation: ChangeBreakpoints
Event: 832.783 Executing VM operation: ChangeBreakpoints done
Event: 832.806 Executing VM operation: ChangeBreakpoints
Event: 832.817 Executing VM operation: ChangeBreakpoints done
Event: 832.828 Executing VM operation: ChangeBreakpoints
Event: 832.831 Executing VM operation: ChangeBreakpoints done
Event: 832.839 Executing VM operation: ChangeBreakpoints
Event: 832.840 Executing VM operation: ChangeBreakpoints done
Event: 832.846 Executing VM operation: GetFrameCount
Event: 832.846 Executing VM operation: GetFrameCount done
Event: 832.846 Executing VM operation: GetStackTrace
Event: 832.846 Executing VM operation: GetStackTrace done


Dynamic libraries:
0x00007fff2a45f000 	/usr/lib/libz.1.dylib
0x000000010ff80000 	/Users/yeliz/.p2/pool/plugins/org.eclipse.justj.openjdk.hotspot.jre.full.macosx.x86_64_15.0.2.v20210201-0955/jre/lib/libjli.dylib
0x00007fff34f37000 	/System/Library/Frameworks/Cocoa.framework/Versions/A/Cocoa
0x00007fff221f2000 	/System/Library/Frameworks/Security.framework/Versions/A/Security
0x00007fff33186000 	/System/Library/Frameworks/ApplicationServices.framework/Versions/A/ApplicationServices
0x00007fff2a527000 	/usr/lib/libSystem.B.dylib
0x00007fff2a521000 	/usr/lib/system/libcache.dylib
0x00007fff2a4dd000 	/usr/lib/system/libcommonCrypto.dylib
0x00007fff2a507000 	/usr/lib/system/libcompiler_rt.dylib
0x00007fff2a4fc000 	/usr/lib/system/libcopyfile.dylib
0x00007fff200ce000 	/usr/lib/system/libcorecrypto.dylib
0x00007fff20197000 	/usr/lib/system/libdispatch.dylib
0x00007fff2034b000 	/usr/lib/system/libdyld.dylib
0x00007fff2a518000 	/usr/lib/system/libkeymgr.dylib
0x00007fff2d952000 	/usr/lib/system/liblaunch.dylib
0x00007fff2a4bb000 	/usr/lib/system/libmacho.dylib
0x00007fff29cd6000 	/usr/lib/system/libquarantine.dylib
0x00007fff2a515000 	/usr/lib/system/libremovefile.dylib
0x00007fff24b7f000 	/usr/lib/system/libsystem_asl.dylib
0x00007fff2007e000 	/usr/lib/system/libsystem_blocks.dylib
0x00007fff20218000 	/usr/lib/system/libsystem_c.dylib
0x00007fff2a50f000 	/usr/lib/system/libsystem_collections.dylib
0x00007fff28fcb000 	/usr/lib/system/libsystem_configuration.dylib
0x00007fff282bc000 	/usr/lib/system/libsystem_containermanager.dylib
0x00007fff2a257000 	/usr/lib/system/libsystem_coreservices.dylib
0x00007fff227a4000 	/usr/lib/system/libsystem_darwin.dylib
0x00007fff2a519000 	/usr/lib/system/libsystem_dnssd.dylib
0x00007fff20215000 	/usr/lib/system/libsystem_featureflags.dylib
0x00007fff20390000 	/usr/lib/system/libsystem_info.dylib
0x00007fff2a472000 	/usr/lib/system/libsystem_m.dylib
0x00007fff2016a000 	/usr/lib/system/libsystem_malloc.dylib
0x00007fff24b13000 	/usr/lib/system/libsystem_networkextension.dylib
0x00007fff22bbe000 	/usr/lib/system/libsystem_notify.dylib
0x00007fff2fdf0000 	/usr/lib/system/libsystem_product_info_filter.dylib
0x00007fff28fcf000 	/usr/lib/system/libsystem_sandbox.dylib
0x00007fff2a512000 	/usr/lib/system/libsystem_secinit.dylib
0x00007fff20310000 	/usr/lib/system/libsystem_kernel.dylib
0x00007fff20386000 	/usr/lib/system/libsystem_platform.dylib
0x00007fff2033f000 	/usr/lib/system/libsystem_pthread.dylib
0x00007fff26275000 	/usr/lib/system/libsystem_symptoms.dylib
0x00007fff200b6000 	/usr/lib/system/libsystem_trace.dylib
0x00007fff2a4e9000 	/usr/lib/system/libunwind.dylib
0x00007fff20080000 	/usr/lib/system/libxpc.dylib
0x00007fff202f7000 	/usr/lib/libc++abi.dylib
0x00007fff201dc000 	/usr/lib/libobjc.A.dylib
0x00007fff2a4f4000 	/usr/lib/liboah.dylib
0x00007fff202a1000 	/usr/lib/libc++.1.dylib
0x00007fff203bc000 	/System/Library/Frameworks/CoreFoundation.framework/Versions/A/CoreFoundation
0x00007fff21166000 	/System/Library/Frameworks/Foundation.framework/Versions/C/Foundation
0x00007fff22c16000 	/System/Library/Frameworks/AppKit.framework/Versions/C/AppKit
0x00007fff25a9f000 	/System/Library/Frameworks/CoreData.framework/Versions/A/CoreData
0x00007fff23973000 	/System/Library/PrivateFrameworks/UIFoundation.framework/Versions/A/UIFoundation
0x00007fff2fb69000 	/System/Library/PrivateFrameworks/RemoteViewServices.framework/Versions/A/RemoteViewServices
0x00007fff2898b000 	/System/Library/PrivateFrameworks/XCTTargetBootstrap.framework/Versions/A/XCTTargetBootstrap
0x00007fff2b666000 	/usr/lib/libspindump.dylib
0x00007fff23bc7000 	/System/Library/Frameworks/UniformTypeIdentifiers.framework/Versions/A/UniformTypeIdentifiers
0x00007fff2715d000 	/usr/lib/libapp_launch_measurement.dylib
0x00007fff27160000 	/System/Library/PrivateFrameworks/CoreAutoLayout.framework/Versions/A/CoreAutoLayout
0x00007fff282ec000 	/System/Library/Frameworks/Metal.framework/Versions/A/Metal
0x00007fff28fda000 	/usr/lib/liblangid.dylib
0x00007fff2898f000 	/System/Library/PrivateFrameworks/CoreSVG.framework/Versions/A/CoreSVG
0x00007fff24bae000 	/System/Library/PrivateFrameworks/SkyLight.framework/Versions/A/SkyLight
0x00007fff24f0d000 	/System/Library/Frameworks/CoreGraphics.framework/Versions/A/CoreGraphics
0x00007fff301c0000 	/System/Library/Frameworks/Accelerate.framework/Versions/A/Accelerate
0x00007fff2b0a1000 	/System/Library/PrivateFrameworks/IconServices.framework/Versions/A/IconServices
0x00007fff282cd000 	/System/Library/Frameworks/IOSurface.framework/Versions/A/IOSurface
0x00007fff26427000 	/usr/lib/libDiagnosticMessagesClient.dylib
0x00007fff28977000 	/System/Library/PrivateFrameworks/DFRFoundation.framework/Versions/A/DFRFoundation
0x00007fff22542000 	/usr/lib/libicucore.A.dylib
0x00007fff2cba3000 	/System/Library/Frameworks/AudioToolbox.framework/Versions/A/AudioToolbox
0x00007fff2be4e000 	/System/Library/PrivateFrameworks/DataDetectorsCore.framework/Versions/A/DataDetectorsCore
0x00007fff28677000 	/System/Library/Frameworks/Carbon.framework/Versions/A/Frameworks/HIToolbox.framework/Versions/A/HIToolbox
0x00007fff26bc0000 	/System/Library/Frameworks/QuartzCore.framework/Versions/A/QuartzCore
0x00007fff2fba5000 	/System/Library/Frameworks/Carbon.framework/Versions/A/Frameworks/SpeechRecognition.framework/Versions/A/SpeechRecognition
0x00007fff26ec5000 	/System/Library/PrivateFrameworks/CoreUI.framework/Versions/A/CoreUI
0x00007fff21b4e000 	/System/Library/Frameworks/CoreAudio.framework/Versions/A/CoreAudio
0x00007fff26512000 	/System/Library/Frameworks/DiskArbitration.framework/Versions/A/DiskArbitration
0x00007fff2ba5f000 	/System/Library/PrivateFrameworks/MultitouchSupport.framework/Versions/A/MultitouchSupport
0x00007fff2be45000 	/System/Library/PrivateFrameworks/InternationalSupport.framework/Versions/A/InternationalSupport
0x00007fff24b22000 	/usr/lib/libenergytrace.dylib
0x00007fff22b10000 	/System/Library/Frameworks/IOKit.framework/Versions/A/IOKit
0x00007fff2fef2000 	/System/Library/Frameworks/CoreServices.framework/Versions/A/CoreServices
0x00007fff270f3000 	/System/Library/PrivateFrameworks/PerformanceAnalysis.framework/Versions/A/PerformanceAnalysis
0x00007fff6b3da000 	/System/Library/Frameworks/OpenGL.framework/Versions/A/OpenGL
0x00007fff2beca000 	/System/Library/PrivateFrameworks/UserActivity.framework/Versions/A/UserActivity
0x00007fff255a1000 	/System/Library/Frameworks/ColorSync.framework/Versions/A/ColorSync
0x00007fff28bf3000 	/System/Library/Frameworks/CoreImage.framework/Versions/A/CoreImage
0x00007fff21964000 	/System/Library/Frameworks/CoreText.framework/Versions/A/CoreText
0x00007fff289b9000 	/System/Library/Frameworks/ImageIO.framework/Versions/A/ImageIO
0x00007fff2a52d000 	/System/Library/PrivateFrameworks/SoftLinking.framework/Versions/A/SoftLinking
0x00007fff271a9000 	/usr/lib/libxml2.2.dylib
0x00007fff2a79f000 	/usr/lib/libcompression.dylib
0x00007fff24b23000 	/usr/lib/libMobileGestalt.dylib
0x00007fff2bd78000 	/System/Library/PrivateFrameworks/TextureIO.framework/Versions/A/TextureIO
0x00007fff2adc5000 	/usr/lib/libate.dylib
0x00007fff2abaa000 	/usr/lib/liblzma.5.dylib
0x00007fff20e7c000 	/System/Library/Frameworks/SystemConfiguration.framework/Versions/A/SystemConfiguration
0x00007fff2a529000 	/usr/lib/libfakelink.dylib
0x00007fff24675000 	/System/Library/Frameworks/CFNetwork.framework/Versions/A/CFNetwork
0x00007fff2a669000 	/usr/lib/libarchive.2.dylib
0x00007fff20ef9000 	/usr/lib/libCRFSuite.dylib
0x00007fff29cfd000 	/usr/lib/libbsm.0.dylib
0x00007fff24031000 	/usr/lib/libnetwork.dylib
0x00007fff2a52e000 	/usr/lib/libpcap.A.dylib
0x00007fff2626e000 	/usr/lib/libdns_services.dylib
0x00007fff2abc3000 	/usr/lib/libcoretls_cfhelpers.dylib
0x00007fff2a76d000 	/usr/lib/libapple_nghttp2.dylib
0x00007fff2a4c1000 	/usr/lib/system/libkxld.dylib
0x00007fff25ed4000 	/usr/lib/libsqlite3.dylib
0x00007fff2a239000 	/System/Library/PrivateFrameworks/AppleFSCompression.framework/Versions/A/AppleFSCompression
0x00007fff29ce5000 	/usr/lib/libcoretls.dylib
0x00007fff2a79a000 	/usr/lib/libpam.2.dylib
0x00007fff2acc0000 	/usr/lib/libxar.1.dylib
0x00007fff28fd6000 	/System/Library/PrivateFrameworks/AppleSystemInfo.framework/Versions/A/AppleSystemInfo
0x00007fff29928000 	/System/Library/PrivateFrameworks/IOMobileFramebuffer.framework/Versions/A/IOMobileFramebuffer
0x00007fff2a249000 	/usr/lib/libbz2.1.0.dylib
0x00007fff2a566000 	/usr/lib/libiconv.2.dylib
0x00007fff2a4ba000 	/usr/lib/libcharset.1.dylib
0x00007fff2712f000 	/System/Library/Frameworks/CoreServices.framework/Versions/A/Frameworks/FSEvents.framework/Versions/A/FSEvents
0x00007fff227ae000 	/System/Library/Frameworks/CoreServices.framework/Versions/A/Frameworks/CarbonCore.framework/Versions/A/CarbonCore
0x00007fff26477000 	/System/Library/Frameworks/CoreServices.framework/Versions/A/Frameworks/Metadata.framework/Versions/A/Metadata
0x00007fff2a25c000 	/System/Library/Frameworks/CoreServices.framework/Versions/A/Frameworks/OSServices.framework/Versions/A/OSServices
0x00007fff2a6db000 	/System/Library/Frameworks/CoreServices.framework/Versions/A/Frameworks/SearchKit.framework/Versions/A/SearchKit
0x00007fff261f8000 	/System/Library/Frameworks/CoreServices.framework/Versions/A/Frameworks/AE.framework/Versions/A/AE
0x00007fff20858000 	/System/Library/Frameworks/CoreServices.framework/Versions/A/Frameworks/LaunchServices.framework/Versions/A/LaunchServices
0x00007fff2ab5b000 	/System/Library/Frameworks/CoreServices.framework/Versions/A/Frameworks/DictionaryServices.framework/Versions/A/DictionaryServices
0x00007fff27138000 	/System/Library/Frameworks/CoreServices.framework/Versions/A/Frameworks/SharedFileList.framework/Versions/A/SharedFileList
0x00007fff29cd9000 	/usr/lib/libCheckFix.dylib
0x00007fff24b96000 	/System/Library/PrivateFrameworks/TCC.framework/Versions/A/TCC
0x00007fff28fdc000 	/System/Library/PrivateFrameworks/CoreNLP.framework/Versions/A/CoreNLP
0x00007fff2642a000 	/System/Library/PrivateFrameworks/MetadataUtilities.framework/Versions/A/MetadataUtilities
0x00007fff20f2f000 	/usr/lib/libmecabra.dylib
0x00007fff29fec000 	/System/Library/Frameworks/MLCompute.framework/Versions/A/MLCompute
0x00007fff29d0e000 	/usr/lib/libmecab.dylib
0x00007fff29d58000 	/usr/lib/libgermantok.dylib
0x00007fff2a743000 	/usr/lib/libThaiTokenizer.dylib
0x00007fff2acfb000 	/usr/lib/libChineseTokenizer.dylib
0x00007fff2a798000 	/System/Library/Frameworks/MetalPerformanceShaders.framework/Versions/A/MetalPerformanceShaders
0x00007fff26519000 	/System/Library/Frameworks/Accelerate.framework/Versions/A/Frameworks/vImage.framework/Versions/A/vImage
0x00007fff2fecb000 	/System/Library/Frameworks/Accelerate.framework/Versions/A/Frameworks/vecLib.framework/Versions/A/vecLib
0x00007fff2ad06000 	/System/Library/Frameworks/Accelerate.framework/Versions/A/Frameworks/vecLib.framework/Versions/A/libvMisc.dylib
0x00007fff29741000 	/System/Library/Frameworks/Accelerate.framework/Versions/A/Frameworks/vecLib.framework/Versions/A/libvDSP.dylib
0x00007fff20b5b000 	/System/Library/Frameworks/Accelerate.framework/Versions/A/Frameworks/vecLib.framework/Versions/A/libBLAS.dylib
0x00007fff2a7be000 	/System/Library/Frameworks/Accelerate.framework/Versions/A/Frameworks/vecLib.framework/Versions/A/libLAPACK.dylib
0x00007fff29d5e000 	/System/Library/Frameworks/Accelerate.framework/Versions/A/Frameworks/vecLib.framework/Versions/A/libLinearAlgebra.dylib
0x00007fff2a785000 	/System/Library/Frameworks/Accelerate.framework/Versions/A/Frameworks/vecLib.framework/Versions/A/libSparseBLAS.dylib
0x00007fff2a7b8000 	/System/Library/Frameworks/Accelerate.framework/Versions/A/Frameworks/vecLib.framework/Versions/A/libQuadrature.dylib
0x00007fff29084000 	/System/Library/Frameworks/Accelerate.framework/Versions/A/Frameworks/vecLib.framework/Versions/A/libBNNS.dylib
0x00007fff20e0d000 	/System/Library/Frameworks/Accelerate.framework/Versions/A/Frameworks/vecLib.framework/Versions/A/libSparse.dylib
0x00007fff28f6f000 	/System/Library/Frameworks/MetalPerformanceShaders.framework/Versions/A/Frameworks/MPSCore.framework/Versions/A/MPSCore
0x00007fff2a1a8000 	/System/Library/Frameworks/MetalPerformanceShaders.framework/Versions/A/Frameworks/MPSImage.framework/Versions/A/MPSImage
0x00007fff29d74000 	/System/Library/Frameworks/MetalPerformanceShaders.framework/Versions/A/Frameworks/MPSNeuralNetwork.framework/Versions/A/MPSNeuralNetwork
0x00007fff2a133000 	/System/Library/Frameworks/MetalPerformanceShaders.framework/Versions/A/Frameworks/MPSMatrix.framework/Versions/A/MPSMatrix
0x00007fff29f9c000 	/System/Library/Frameworks/MetalPerformanceShaders.framework/Versions/A/Frameworks/MPSRayIntersector.framework/Versions/A/MPSRayIntersector
0x00007fff2a16a000 	/System/Library/Frameworks/MetalPerformanceShaders.framework/Versions/A/Frameworks/MPSNDArray.framework/Versions/A/MPSNDArray
0x00007fff20a87000 	/System/Library/PrivateFrameworks/MetalTools.framework/Versions/A/MetalTools
0x00007fff28fd4000 	/System/Library/PrivateFrameworks/AggregateDictionary.framework/Versions/A/AggregateDictionary
0x00007fff26402000 	/System/Library/PrivateFrameworks/CoreAnalytics.framework/Versions/A/CoreAnalytics
0x00007fff2a745000 	/System/Library/PrivateFrameworks/AppleSauce.framework/Versions/A/AppleSauce
0x00007fff282df000 	/System/Library/PrivateFrameworks/IOAccelerator.framework/Versions/A/IOAccelerator
0x00007fff6b3ce000 	/System/Library/Frameworks/OpenGL.framework/Versions/A/Libraries/libCoreFSCache.dylib
0x00007fff214ca000 	/System/Library/PrivateFrameworks/LanguageModeling.framework/Versions/A/LanguageModeling
0x00007fff29915000 	/System/Library/PrivateFrameworks/CoreEmoji.framework/Versions/A/CoreEmoji
0x00007fff2907d000 	/System/Library/PrivateFrameworks/LinguisticData.framework/Versions/A/LinguisticData
0x00007fff20dbf000 	/System/Library/PrivateFrameworks/Lexicon.framework/Versions/A/Lexicon
0x00007fff2a657000 	/usr/lib/libcmph.dylib
0x00007fff2710f000 	/System/Library/Frameworks/OpenDirectory.framework/Versions/A/Frameworks/CFOpenDirectory.framework/Versions/A/CFOpenDirectory
0x00007fff270ff000 	/System/Library/Frameworks/OpenDirectory.framework/Versions/A/OpenDirectory
0x00007fff2abc5000 	/System/Library/PrivateFrameworks/APFS.framework/Versions/A/APFS
0x00007fff29c3a000 	/System/Library/Frameworks/SecurityFoundation.framework/Versions/A/SecurityFoundation
0x00007fff2acce000 	/usr/lib/libutil.dylib
0x00007fff22ad5000 	/System/Library/PrivateFrameworks/CoreServicesStore.framework/Versions/A/CoreServicesStore
0x00007fff29cd1000 	/System/Library/Frameworks/ServiceManagement.framework/Versions/A/ServiceManagement
0x00007fff2acd2000 	/usr/lib/libxslt.1.dylib
0x00007fff29cc7000 	/System/Library/PrivateFrameworks/BackgroundTaskManagement.framework/Versions/A/BackgroundTaskManagement
0x00007fff2bcc2000 	/System/Library/Frameworks/ImageIO.framework/Versions/A/Resources/libRadiance.dylib
0x00007fff2bccc000 	/System/Library/Frameworks/ImageIO.framework/Versions/A/Resources/libJPEG.dylib
0x00007fff2bc19000 	/System/Library/Frameworks/ImageIO.framework/Versions/A/Resources/libPng.dylib
0x00007fff2bc40000 	/System/Library/Frameworks/ImageIO.framework/Versions/A/Resources/libTIFF.dylib
0x00007fff2bd21000 	/System/Library/Frameworks/ImageIO.framework/Versions/A/Resources/libGIF.dylib
0x00007fff2b97c000 	/System/Library/Frameworks/ImageIO.framework/Versions/A/Resources/libJP2.dylib
0x00007fff2b068000 	/usr/lib/libexpat.1.dylib
0x00007fff2b932000 	/System/Library/PrivateFrameworks/AppleJPEG.framework/Versions/A/AppleJPEG
0x00007fff2851a000 	/System/Library/PrivateFrameworks/FontServices.framework/libFontParser.dylib
0x00007fff261ac000 	/System/Library/PrivateFrameworks/RunningBoardServices.framework/Versions/A/RunningBoardServices
0x00007fff2ba5b000 	/System/Library/PrivateFrameworks/WatchdogClient.framework/Versions/A/WatchdogClient
0x00007fff215b7000 	/System/Library/Frameworks/CoreDisplay.framework/Versions/A/CoreDisplay
0x00007fff2842f000 	/System/Library/Frameworks/CoreMedia.framework/Versions/A/CoreMedia
0x00007fff2728c000 	/System/Library/Frameworks/CoreVideo.framework/Versions/A/CoreVideo
0x00007fff2ba93000 	/System/Library/Frameworks/VideoToolbox.framework/Versions/A/VideoToolbox
0x00007fff2612a000 	/System/Library/PrivateFrameworks/BaseBoard.framework/Versions/A/BaseBoard
0x00007fff2b1ad000 	/System/Library/PrivateFrameworks/PersistentConnection.framework/Versions/A/PersistentConnection
0x00007fff25ebd000 	/System/Library/PrivateFrameworks/ProtocolBuffer.framework/Versions/A/ProtocolBuffer
0x00007fff26111000 	/System/Library/PrivateFrameworks/CommonUtilities.framework/Versions/A/CommonUtilities
0x00007fff2b8c7000 	/System/Library/PrivateFrameworks/Bom.framework/Versions/A/Bom
0x00007fff2bcbb000 	/System/Library/PrivateFrameworks/GPUWrangler.framework/Versions/A/GPUWrangler
0x00007fff2bc9e000 	/System/Library/PrivateFrameworks/IOPresentment.framework/Versions/A/IOPresentment
0x00007fff2bcc6000 	/System/Library/PrivateFrameworks/DSExternalDisplay.framework/Versions/A/DSExternalDisplay
0x00007fff2bd26000 	/System/Library/PrivateFrameworks/CMCaptureCore.framework/Versions/A/CMCaptureCore
0x00007fff2b64d000 	/System/Library/PrivateFrameworks/AppServerSupport.framework/Versions/A/AppServerSupport
0x00007fff2d6f3000 	/System/Library/PrivateFrameworks/perfdata.framework/Versions/A/perfdata
0x00007fff29c29000 	/System/Library/PrivateFrameworks/AssertionServices.framework/Versions/A/AssertionServices
0x00007fff216ee000 	/System/Library/PrivateFrameworks/AudioToolboxCore.framework/Versions/A/AudioToolboxCore
0x00007fff28412000 	/System/Library/PrivateFrameworks/caulk.framework/Versions/A/caulk
0x00007fff3c98d000 	/System/Library/PrivateFrameworks/SystemPolicy.framework/Versions/A/SystemPolicy
0x00007fff2ae5e000 	/usr/lib/libIOReport.dylib
0x00007fff2cf15000 	/usr/lib/libSMC.dylib
0x00007fff2bbe6000 	/usr/lib/libAudioToolboxUtility.dylib
0x00007fff3d2f2000 	/usr/lib/libmis.dylib
0x00007fff6b42a000 	/System/Library/Frameworks/OpenGL.framework/Versions/A/Libraries/libGLU.dylib
0x00007fff6b3ed000 	/System/Library/Frameworks/OpenGL.framework/Versions/A/Libraries/libGFXShared.dylib
0x00007fff6b5fc000 	/System/Library/Frameworks/OpenGL.framework/Versions/A/Libraries/libGL.dylib
0x00007fff6b3f6000 	/System/Library/Frameworks/OpenGL.framework/Versions/A/Libraries/libGLImage.dylib
0x00007fff6b3ea000 	/System/Library/Frameworks/OpenGL.framework/Versions/A/Libraries/libCVMSPluginSupport.dylib
0x00007fff6b3d5000 	/System/Library/Frameworks/OpenGL.framework/Versions/A/Libraries/libCoreVMClient.dylib
0x00007fff6ca3d000 	/System/Library/Frameworks/OpenCL.framework/Versions/A/OpenCL
0x00007fff2b1d7000 	/System/Library/PrivateFrameworks/GraphVisualizer.framework/Versions/A/GraphVisualizer
0x00007fff2b1e6000 	/System/Library/PrivateFrameworks/FaceCore.framework/Versions/A/FaceCore
0x00007fff2b602000 	/System/Library/PrivateFrameworks/OTSVG.framework/Versions/A/OTSVG
0x00007fff26e83000 	/System/Library/Frameworks/ApplicationServices.framework/Versions/A/Frameworks/ATS.framework/Versions/A/Resources/libFontRegistry.dylib
0x00007fff2b654000 	/System/Library/PrivateFrameworks/FontServices.framework/libhvf.dylib
0x00007fff2b014000 	/System/Library/PrivateFrameworks/AppleVA.framework/Versions/A/AppleVA
0x00007fff2cd5e000 	/System/Library/Frameworks/ApplicationServices.framework/Versions/A/Frameworks/ATS.framework/Versions/A/ATS
0x00007fff2d070000 	/System/Library/Frameworks/ApplicationServices.framework/Versions/A/Frameworks/ColorSyncLegacy.framework/Versions/A/ColorSyncLegacy
0x00007fff25698000 	/System/Library/Frameworks/ApplicationServices.framework/Versions/A/Frameworks/HIServices.framework/Versions/A/HIServices
0x00007fff2d055000 	/System/Library/Frameworks/ApplicationServices.framework/Versions/A/Frameworks/LangAnalysis.framework/Versions/A/LangAnalysis
0x00007fff2bd30000 	/System/Library/Frameworks/ApplicationServices.framework/Versions/A/Frameworks/PrintCore.framework/Versions/A/PrintCore
0x00007fff2d078000 	/System/Library/Frameworks/ApplicationServices.framework/Versions/A/Frameworks/QD.framework/Versions/A/QD
0x00007fff2cd4e000 	/System/Library/Frameworks/ApplicationServices.framework/Versions/A/Frameworks/SpeechSynthesis.framework/Versions/A/SpeechSynthesis
0x00007fff2bcf1000 	/System/Library/Frameworks/ApplicationServices.framework/Versions/A/Frameworks/ATSUI.framework/Versions/A/ATSUI
0x00007fff2cff5000 	/usr/lib/libcups.2.dylib
0x00007fff2d065000 	/System/Library/PrivateFrameworks/NetAuth.framework/Versions/A/NetAuth
0x00007fff2d70f000 	/System/Library/Frameworks/Kerberos.framework/Versions/A/Kerberos
0x00007fff2d71f000 	/System/Library/Frameworks/GSS.framework/Versions/A/GSS
0x00007fff2cdca000 	/usr/lib/libresolv.9.dylib
0x00007fff2b669000 	/System/Library/PrivateFrameworks/Heimdal.framework/Versions/A/Heimdal
0x00007fff33486000 	/System/Library/Frameworks/Kerberos.framework/Versions/A/Libraries/libHeimdalProxy.dylib
0x00007fff2627d000 	/System/Library/Frameworks/Network.framework/Versions/A/Network
0x00007fff2b082000 	/usr/lib/libheimdal-asn1.dylib
0x00007fff2d76f000 	/System/Library/PrivateFrameworks/CommonAuth.framework/Versions/A/CommonAuth
0x00007fff272d9000 	/System/Library/PrivateFrameworks/login.framework/Versions/A/Frameworks/loginsupport.framework/Versions/A/loginsupport
0x00007fff2ccd3000 	/System/Library/PrivateFrameworks/AudioSession.framework/Versions/A/AudioSession
0x00007fff2cd3b000 	/usr/lib/libAudioStatistics.dylib
0x00007fff2b10f000 	/System/Library/PrivateFrameworks/MediaExperience.framework/Versions/A/MediaExperience
0x00007fff2cb71000 	/System/Library/PrivateFrameworks/AudioSession.framework/libSessionUtility.dylib
0x00007fff2d700000 	/usr/lib/libperfcheck.dylib
0x00007fff2d084000 	/System/Library/PrivateFrameworks/AudioResourceArbitration.framework/Versions/A/AudioResourceArbitration
0x00007fff2b08c000 	/System/Library/PrivateFrameworks/IconFoundation.framework/Versions/A/IconFoundation
0x00007fff2fb95000 	/System/Library/PrivateFrameworks/SpeechRecognitionCore.framework/Versions/A/SpeechRecognitionCore
0x0000000112000000 	/Users/yeliz/.p2/pool/plugins/org.eclipse.justj.openjdk.hotspot.jre.full.macosx.x86_64_15.0.2.v20210201-0955/jre/lib/server/libjvm.dylib
0x000000010ffaa000 	/Users/yeliz/.p2/pool/plugins/org.eclipse.justj.openjdk.hotspot.jre.full.macosx.x86_64_15.0.2.v20210201-0955/jre/lib/libjimage.dylib
0x000000010ffb8000 	/Users/yeliz/.p2/pool/plugins/org.eclipse.justj.openjdk.hotspot.jre.full.macosx.x86_64_15.0.2.v20210201-0955/jre/lib/libjdwp.dylib
0x0000000112fd3000 	/Users/yeliz/.p2/pool/plugins/org.eclipse.justj.openjdk.hotspot.jre.full.macosx.x86_64_15.0.2.v20210201-0955/jre/lib/libjava.dylib
0x0000000112ffe000 	/Users/yeliz/.p2/pool/plugins/org.eclipse.justj.openjdk.hotspot.jre.full.macosx.x86_64_15.0.2.v20210201-0955/jre/lib/libinstrument.dylib
0x000000011385b000 	/Users/yeliz/.p2/pool/plugins/org.eclipse.justj.openjdk.hotspot.jre.full.macosx.x86_64_15.0.2.v20210201-0955/jre/lib/libzip.dylib
0x0000000113876000 	/Users/yeliz/.p2/pool/plugins/org.eclipse.justj.openjdk.hotspot.jre.full.macosx.x86_64_15.0.2.v20210201-0955/jre/lib/libdt_socket.dylib
0x0000000113882000 	/Users/yeliz/.p2/pool/plugins/org.eclipse.justj.openjdk.hotspot.jre.full.macosx.x86_64_15.0.2.v20210201-0955/jre/lib/libnio.dylib
0x0000000113896000 	/Users/yeliz/.p2/pool/plugins/org.eclipse.justj.openjdk.hotspot.jre.full.macosx.x86_64_15.0.2.v20210201-0955/jre/lib/libnet.dylib
0x0000000113ab0000 	/Users/yeliz/.p2/pool/plugins/org.eclipse.justj.openjdk.hotspot.jre.full.macosx.x86_64_15.0.2.v20210201-0955/jre/lib/libverify.dylib


VM Arguments:
jvm_args: -XX:+ShowCodeDetailsInExceptionMessages -agentlib:jdwp=transport=dt_socket,suspend=y,address=localhost:61331 -javaagent:/Users/yeliz/eclipse/java-2020-12/Eclipse.app/Contents/Eclipse/configuration/org.eclipse.osgi/213/0/.cp/lib/javaagent-shaded.jar -Dfile.encoding=UTF-8 
java_command: Main
java_class_path (initial): /Users/yeliz/eclipse-workspace/BH/bin:/Users/yeliz/eclipse-workspace/BH/src/jsoup-1.13.1.jar
Launcher Type: SUN_STANDARD

[Global flags]
     intx CICompilerCount                          = 3                                         {product} {ergonomic}
     uint ConcGCThreads                            = 1                                         {product} {ergonomic}
     uint G1ConcRefinementThreads                  = 4                                         {product} {ergonomic}
   size_t G1HeapRegionSize                         = 1048576                                   {product} {ergonomic}
    uintx GCDrainStackTargetSize                   = 64                                        {product} {ergonomic}
   size_t InitialHeapSize                          = 67108864                                  {product} {ergonomic}
   size_t MarkStackSize                            = 4194304                                   {product} {ergonomic}
   size_t MaxHeapSize                              = 1073741824                                {product} {ergonomic}
   size_t MaxNewSize                               = 643825664                                 {product} {ergonomic}
   size_t MinHeapDeltaBytes                        = 1048576                                   {product} {ergonomic}
   size_t MinHeapSize                              = 8388608                                   {product} {ergonomic}
    uintx NonNMethodCodeHeapSize                   = 5832780                                {pd product} {ergonomic}
    uintx NonProfiledCodeHeapSize                  = 122912730                              {pd product} {ergonomic}
    uintx ProfiledCodeHeapSize                     = 122912730                              {pd product} {ergonomic}
    uintx ReservedCodeCacheSize                    = 251658240                              {pd product} {ergonomic}
     bool SegmentedCodeCache                       = true                                      {product} {ergonomic}
     bool ShowCodeDetailsInExceptionMessages       = true                                   {manageable} {command line}
   size_t SoftMaxHeapSize                          = 1073741824                             {manageable} {ergonomic}
     bool UseCompressedClassPointers               = true                                 {lp64_product} {ergonomic}
     bool UseCompressedOops                        = true                                 {lp64_product} {ergonomic}
     bool UseG1GC                                  = true                                      {product} {ergonomic}
     bool UseNUMA                                  = false                                     {product} {ergonomic}
     bool UseNUMAInterleaving                      = false                                     {product} {ergonomic}

Logging:
Log output configuration:
 #0: stdout all=warning uptime,level,tags
 #1: stderr all=off uptime,level,tags

Environment Variables:
PATH=/usr/bin:/bin:/usr/sbin:/sbin
SHELL=/bin/bash

Signal Handlers:
SIGSEGV: [libjvm.dylib+0xa01020], sa_mask[0]=11111111011111110111111111111111, sa_flags=SA_ONSTACK|SA_RESTART|SA_SIGINFO
SIGBUS: [libjvm.dylib+0xa01020], sa_mask[0]=11111111011111110111111111111111, sa_flags=SA_RESTART|SA_SIGINFO
SIGFPE: [libjvm.dylib+0xa01020], sa_mask[0]=11111111011111110111111111111111, sa_flags=SA_RESTART|SA_SIGINFO
SIGPIPE: [libjvm.dylib+0x82c500], sa_mask[0]=11111111011111110111111111111111, sa_flags=SA_RESTART|SA_SIGINFO
SIGXFSZ: [libjvm.dylib+0x82c500], sa_mask[0]=11111111011111110111111111111111, sa_flags=SA_RESTART|SA_SIGINFO
SIGILL: [libjvm.dylib+0xa01020], sa_mask[0]=11111111011111110111111111111111, sa_flags=SA_RESTART|SA_SIGINFO
SIGUSR2: [libjvm.dylib+0x82d010], sa_mask[0]=00100000000000000000000000000000, sa_flags=SA_RESTART|SA_SIGINFO
SIGHUP: [libjvm.dylib+0x82b710], sa_mask[0]=11111111011111110111111111111111, sa_flags=SA_RESTART|SA_SIGINFO
SIGINT: [libjvm.dylib+0x82b710], sa_mask[0]=11111111011111110111111111111111, sa_flags=SA_RESTART|SA_SIGINFO
SIGTERM: [libjvm.dylib+0x82b710], sa_mask[0]=11111111011111110111111111111111, sa_flags=SA_RESTART|SA_SIGINFO
SIGQUIT: [libjvm.dylib+0x82b710], sa_mask[0]=11111111011111110111111111111111, sa_flags=SA_RESTART|SA_SIGINFO


---------------  S Y S T E M  ---------------

OS:uname: Darwin 20.1.0 Darwin Kernel Version 20.1.0: Sat Oct 31 00:07:11 PDT 2020; root:xnu-7195.50.7~2/RELEASE_X86_64 x86_64
OS uptime: 54 days 15:24 hours
rlimit (soft/hard): STACK 8192k/65532k , CORE 0k/infinity , NPROC 1392/2088 , NOFILE 10240/infinity , AS infinity/infinity , CPU infinity/infinity , DATA infinity/infinity , FSIZE infinity/infinity , MEMLOCK infinity/infinity , RSS infinity/infinity
load average: 2.02 2.19 2.68

CPU: total 4 (initial active 4) (2 cores per cpu, 2 threads per core) family 6 model 61 stepping 4 microcode 0x2f, cmov, cx8, fxsr, mmx, sse, sse2, sse3, ssse3, sse4.1, sse4.2, popcnt, vzeroupper, avx, avx2, aes, clmul, erms, 3dnowpref, lzcnt, ht, tsc, tscinvbit, bmi1, bmi2, adx, fma, clflush

Memory: 4k page, physical 4194304k(146060k free), swap 4194304k(788224k free)

vm_info: OpenJDK 64-Bit Server VM (15.0.2+7-27) for bsd-amd64 JRE (15.0.2+7-27), built on Dec  7 2020 20:01:12 by "mach5one" with clang 4.2.1 Compatible Apple LLVM 10.0.0 (clang-1000.11.45.5)

END.
